<?xml version="1.0" encoding="UTF-8"?>
<testng-results skipped="0" failed="0" total="1" passed="1">
  <reporter-output>
  </reporter-output>
  <suite name="Default suite" duration-ms="50" started-at="2015-01-08T14:24:46Z" finished-at="2015-01-08T14:24:46Z">
    <groups>
    </groups>
    <test name="Default test" duration-ms="50" started-at="2015-01-08T14:24:46Z" finished-at="2015-01-08T14:24:46Z">
      <class name="org.genericsystem.issuetracker.JsonTest">
        <test-method status="PASS" signature="createAndParseJson()[pri:0, instance:org.genericsystem.issuetracker.JsonTest@3796751b]" name="createAndParseJson" duration-ms="40" started-at="2015-01-08T15:24:46Z" finished-at="2015-01-08T15:24:46Z">
          <reporter-output>
          </reporter-output>
        </test-method> <!-- createAndParseJson -->
      </class> <!-- org.genericsystem.issuetracker.JsonTest -->
    </test> <!-- Default test -->
  </suite> <!-- Default suite -->
</testng-results>
