<?xml version="1.0" encoding="UTF-8"?>
<!-- Generated by org.testng.reporters.JUnitXMLReporter -->
<testsuite hostname="middleware-G551JM" name="Default test" tests="245" failures="0" timestamp="28 Feb 2015 09:35:56 GMT" time="3.469" errors="0">
  <testcase name="test001_simpleHolder" time="0.164" classname="org.genericsystem.mutability.RemoveTest"/>
  <testcase name="test002_multipleHolders" time="0.096" classname="org.genericsystem.mutability.RemoveTest"/>
  <testcase name="test003_removeAndAdd" time="0.036" classname="org.genericsystem.mutability.RemoveTest"/>
  <testcase name="test004_removeAndAddAndRemove" time="0.022" classname="org.genericsystem.mutability.RemoveTest"/>
  <testcase name="test005_removeConcret_withHolder" time="0.024" classname="org.genericsystem.mutability.RemoveTest"/>
  <testcase name="test006_removeStructural_withHolder" time="0.02" classname="org.genericsystem.mutability.RemoveTest"/>
  <testcase name="test007_removeConcretAndAttribut" time="0.02" classname="org.genericsystem.mutability.RemoveTest"/>
  <testcase name="test008_removeInstanceAndAttribute" time="0.015" classname="org.genericsystem.mutability.RemoveTest"/>
  <testcase name="test009_removeConcret" time="0.016" classname="org.genericsystem.mutability.RemoveTest"/>
  <testcase name="test1" time="0.016" classname="org.genericsystem.mutability.ClassFinderTest"/>
  <testcase name="test10" time="0.007" classname="org.genericsystem.mutability.ClassFinderTest"/>
  <testcase name="test11" time="0.005" classname="org.genericsystem.mutability.ClassFinderTest"/>
  <testcase name="test2" time="0.012" classname="org.genericsystem.mutability.ClassFinderTest"/>
  <testcase name="test5" time="0.011" classname="org.genericsystem.mutability.ClassFinderTest"/>
  <testcase name="test6" time="0.031" classname="org.genericsystem.mutability.ClassFinderTest"/>
  <testcase name="test7" time="0.021" classname="org.genericsystem.mutability.ClassFinderTest"/>
  <testcase name="test8" time="0.021" classname="org.genericsystem.mutability.ClassFinderTest"/>
  <testcase name="test9" time="0.019" classname="org.genericsystem.mutability.ClassFinderTest"/>
  <testcase name="test001_enableReferentialIntegrity_remove" time="0.032" classname="org.genericsystem.mutability.ReferentialIntegrityConstraintTest"/>
  <testcase name="test002_enableReferentialIntegrity_remove" time="0.018" classname="org.genericsystem.mutability.ReferentialIntegrityConstraintTest"/>
  <testcase name="test004_enableReferentialIntegrity_remove" time="0.023" classname="org.genericsystem.mutability.ReferentialIntegrityConstraintTest"/>
  <testcase name="test005_enableReferentialIntegrity_remove" time="0.033" classname="org.genericsystem.mutability.ReferentialIntegrityConstraintTest"/>
  <testcase name="test005_enableReferentialIntegrity_remove2" time="0.019" classname="org.genericsystem.mutability.ReferentialIntegrityConstraintTest"/>
  <testcase name="test005_enableReferentialIntegrity_remove3" time="0.02" classname="org.genericsystem.mutability.ReferentialIntegrityConstraintTest"/>
  <testcase name="test006_enableReferentialIntegrity_remove" time="0.014" classname="org.genericsystem.mutability.ReferentialIntegrityConstraintTest"/>
  <testcase name="test007_enableReferentialIntegrity_remove" time="0.014" classname="org.genericsystem.mutability.ReferentialIntegrityConstraintTest"/>
  <testcase name="test008_enableReferentialIntegrity_remove" time="0.017" classname="org.genericsystem.mutability.ReferentialIntegrityConstraintTest"/>
  <testcase name="test004_updateHolder" time="0.019" classname="org.genericsystem.mutability.UpdateWithCacheTest"/>
  <testcase name="test005_updateSuper" time="0.01" classname="org.genericsystem.mutability.UpdateWithCacheTest"/>
  <testcase name="test006_attributeToRelation" time="0.039" classname="org.genericsystem.mutability.UpdateWithCacheTest"/>
  <testcase name="test007_simulateRollback" time="0.01" classname="org.genericsystem.mutability.UpdateWithCacheTest"/>
  <testcase name="test007_structurel_WithInheritings_AndInstances" time="0.019" classname="org.genericsystem.mutability.UpdateWithCacheTest"/>
  <testcase name="test001_dependencies" time="0.013" classname="org.genericsystem.mutability.UpdateTest"/>
  <testcase name="test001_fusion" time="0.008" classname="org.genericsystem.mutability.UpdateTest"/>
  <testcase name="test001_pickNewTs" time="0.01" classname="org.genericsystem.mutability.UpdateTest"/>
  <testcase name="test001_removeAndAdd" time="0.007" classname="org.genericsystem.mutability.UpdateTest"/>
  <testcase name="test001_updateValue" time="0.005" classname="org.genericsystem.mutability.UpdateTest"/>
  <testcase name="test002_clear" time="0.006" classname="org.genericsystem.mutability.UpdateTest"/>
  <testcase name="test002_update" time="0.01" classname="org.genericsystem.mutability.UpdateTest"/>
  <testcase name="test003_update" time="0.005" classname="org.genericsystem.mutability.UpdateTest"/>
  <testcase name="isAncestorOfByInheritence" time="0.018" classname="org.genericsystem.mutability.AncestorsServiceTest"/>
  <testcase name="isAncestorOfByInheritenceSimpleConfiguration" time="0.009" classname="org.genericsystem.mutability.AncestorsServiceTest"/>
  <testcase name="isAncestorOfViaComponent" time="0.021" classname="org.genericsystem.mutability.AncestorsServiceTest"/>
  <testcase name="isAncestorOfViaComposite" time="0.013" classname="org.genericsystem.mutability.AncestorsServiceTest"/>
  <testcase name="testAddAttribute" time="0.019" classname="org.genericsystem.mutability.GenericTest"/>
  <testcase name="testAddAttributeWithOverride" time="0.021" classname="org.genericsystem.mutability.GenericTest"/>
  <testcase name="testAddAttributeWithOverride2" time="0.022" classname="org.genericsystem.mutability.GenericTest"/>
  <testcase name="testAddAttributeWithOverride3" time="0.024" classname="org.genericsystem.mutability.GenericTest"/>
  <testcase name="testAddInheriting" time="0.008" classname="org.genericsystem.mutability.GenericTest"/>
  <testcase name="testAddInstance" time="0.012" classname="org.genericsystem.mutability.GenericTest"/>
  <testcase name="testEngine" time="0.005" classname="org.genericsystem.mutability.GenericTest"/>
  <testcase name="testGetInstances" time="0.023" classname="org.genericsystem.mutability.GenericTest"/>
  <testcase name="testMultiInheritance" time="0.015" classname="org.genericsystem.mutability.GenericTest"/>
  <testcase name="testMultiInheritance2" time="0.015" classname="org.genericsystem.mutability.GenericTest"/>
  <testcase name="testMultiInheritance3" time="0.015" classname="org.genericsystem.mutability.GenericTest"/>
  <testcase name="testSetInstance" time="0.007" classname="org.genericsystem.mutability.GenericTest"/>
  <testcase name="test001_simpleHolder" time="0.011" classname="org.genericsystem.mutability.RemoveOneCacheTest"/>
  <testcase name="test002_multipleHolders" time="0.013" classname="org.genericsystem.mutability.RemoveOneCacheTest"/>
  <testcase name="test002_simpleHolder" time="0.011" classname="org.genericsystem.mutability.RemoveOneCacheTest"/>
  <testcase name="test003_multipleHolders" time="0.012" classname="org.genericsystem.mutability.RemoveOneCacheTest"/>
  <testcase name="test003_removeAndAdd" time="0.012" classname="org.genericsystem.mutability.RemoveOneCacheTest"/>
  <testcase name="test004_removeAndAddAndRemove" time="0.012" classname="org.genericsystem.mutability.RemoveOneCacheTest"/>
  <testcase name="test005_removeAndAddAndRemove" time="0.011" classname="org.genericsystem.mutability.RemoveOneCacheTest"/>
  <testcase name="test005_removeConcret_withHolder" time="0.007" classname="org.genericsystem.mutability.RemoveOneCacheTest"/>
  <testcase name="test006_removeStructural_withHolder" time="0.007" classname="org.genericsystem.mutability.RemoveOneCacheTest"/>
  <testcase name="test001_aliveEx" time="0.007" classname="org.genericsystem.mutability.NotRemovableTestOneCache"/>
  <testcase name="test002_aliveEx" time="0.008" classname="org.genericsystem.mutability.NotRemovableTestOneCache"/>
  <testcase name="test002_referenceEx" time="0.006" classname="org.genericsystem.mutability.NotRemovableTestOneCache"/>
  <testcase name="test003_referenceEx" time="0.007" classname="org.genericsystem.mutability.NotRemovableTestOneCache"/>
  <testcase name="test000" time="0.004" classname="org.genericsystem.mutability.CacheTest"/>
  <testcase name="test001" time="0.003" classname="org.genericsystem.mutability.CacheTest"/>
  <testcase name="test001_getInheritings" time="0.017" classname="org.genericsystem.mutability.CacheTest"/>
  <testcase name="test001_getInstances" time="0.007" classname="org.genericsystem.mutability.CacheTest"/>
  <testcase name="test001_getMetaComponents" time="0.006" classname="org.genericsystem.mutability.CacheTest"/>
  <testcase name="test001_getSuperComponents" time="0.007" classname="org.genericsystem.mutability.CacheTest"/>
  <testcase name="test002" time="0.003" classname="org.genericsystem.mutability.CacheTest"/>
  <testcase name="test0021" time="0.003" classname="org.genericsystem.mutability.CacheTest"/>
  <testcase name="test002_clear" time="0.005" classname="org.genericsystem.mutability.CacheTest"/>
  <testcase name="test002_flush" time="0.004" classname="org.genericsystem.mutability.CacheTest"/>
  <testcase name="test002_getSuperComponents" time="0.011" classname="org.genericsystem.mutability.CacheTest"/>
  <testcase name="test002_mountNewCache" time="0.003" classname="org.genericsystem.mutability.CacheTest"/>
  <testcase name="test003" time="0.003" classname="org.genericsystem.mutability.CacheTest"/>
  <testcase name="test0031" time="0.003" classname="org.genericsystem.mutability.CacheTest"/>
  <testcase name="test004" time="0.003" classname="org.genericsystem.mutability.CacheTest"/>
  <testcase name="test0041" time="0.003" classname="org.genericsystem.mutability.CacheTest"/>
  <testcase name="test005" time="0.003" classname="org.genericsystem.mutability.CacheTest"/>
  <testcase name="test005_TwoComponentsWithSameMetaInDifferentCaches_remove" time="0.004" classname="org.genericsystem.mutability.CacheTest"/>
  <testcase name="test004_weakEquiv_Relation_SingularConstraintAndReferencialIntegrity_supers" time="0.014" classname="org.genericsystem.mutability.WeakEquivTest"/>
  <testcase name="test005_weakEquiv_Relation_SingularConstraintAndReferencialIntegrity_setInstance" time="0.017" classname="org.genericsystem.mutability.WeakEquivTest"/>
  <testcase name="test000_Generic" time="0.008" classname="org.genericsystem.mutability.AnnotationTest"/>
  <testcase name="test001_Generic" time="0.009" classname="org.genericsystem.mutability.AnnotationTest"/>
  <testcase name="test001_instanceof" time="0.003" classname="org.genericsystem.mutability.AnnotationTest"/>
  <testcase name="test001_remove" time="0.003" classname="org.genericsystem.mutability.AnnotationTest"/>
  <testcase name="test002_SuperGeneric" time="0.007" classname="org.genericsystem.mutability.AnnotationTest"/>
  <testcase name="test002_instanceof" time="0.007" classname="org.genericsystem.mutability.AnnotationTest"/>
  <testcase name="test002_instanceof_getInstances" time="0.004" classname="org.genericsystem.mutability.AnnotationTest"/>
  <testcase name="test003_Attribute" time="0.008" classname="org.genericsystem.mutability.AnnotationTest"/>
  <testcase name="test003_instanceof" time="0.005" classname="org.genericsystem.mutability.AnnotationTest"/>
  <testcase name="test004_AttributeValue" time="0.011" classname="org.genericsystem.mutability.AnnotationTest"/>
  <testcase name="test004_instanceof" time="0.002" classname="org.genericsystem.mutability.AnnotationTest"/>
  <testcase name="test005_SuperAttribute" time="0.011" classname="org.genericsystem.mutability.AnnotationTest"/>
  <testcase name="test006_AttributeOnAttribute" time="0.02" classname="org.genericsystem.mutability.AnnotationTest"/>
  <testcase name="test007_Relation" time="0.014" classname="org.genericsystem.mutability.AnnotationTest"/>
  <testcase name="test008_SubRelation" time="0.018" classname="org.genericsystem.mutability.AnnotationTest"/>
  <testcase name="test009_SymetricSuperRelation" time="0.023" classname="org.genericsystem.mutability.AnnotationTest"/>
  <testcase name="test010_TernaryRelation" time="0.021" classname="org.genericsystem.mutability.AnnotationTest"/>
  <testcase name="test011_getDirectSubGenericsWithDiamondProblem" time="0.015" classname="org.genericsystem.mutability.AnnotationTest"/>
  <testcase name="test012_Value" time="0.026" classname="org.genericsystem.mutability.AnnotationTest"/>
  <testcase name="test013_MultiInheritanceComplexStructural" time="0.028" classname="org.genericsystem.mutability.AnnotationTest"/>
  <testcase name="test014_MultiInheritanceComplexValue" time="0.047" classname="org.genericsystem.mutability.AnnotationTest"/>
  <testcase name="test001_addInstance_metaAttribute" time="0.006" classname="org.genericsystem.mutability.AutomaticMetaAttributeCreationTest"/>
  <testcase name="test002_addInstance_metaAttribute" time="0.012" classname="org.genericsystem.mutability.AutomaticMetaAttributeCreationTest"/>
  <testcase name="test003_addInstance_metaAttribute_override" time="0.015" classname="org.genericsystem.mutability.AutomaticMetaAttributeCreationTest"/>
  <testcase name="test004_addInstance_metaAttribute_override" time="0.053" classname="org.genericsystem.mutability.AutomaticMetaAttributeCreationTest"/>
  <testcase name="test005_setInstance_metaAttribute_engine" time="0.006" classname="org.genericsystem.mutability.AutomaticMetaAttributeCreationTest"/>
  <testcase name="test006_setInstance_metaAttribute_attribute" time="0.027" classname="org.genericsystem.mutability.AutomaticMetaAttributeCreationTest"/>
  <testcase name="test007_setInstance_metaAttribute_override" time="0.025" classname="org.genericsystem.mutability.AutomaticMetaAttributeCreationTest"/>
  <testcase name="test008_setInstance_metaAttribute_override" time="0.025" classname="org.genericsystem.mutability.AutomaticMetaAttributeCreationTest"/>
  <testcase name="test000_Inheritance" time="0.022" classname="org.genericsystem.mutability.RequiredConstraintTest"/>
  <testcase name="test001_Inheritance" time="0.025" classname="org.genericsystem.mutability.RequiredConstraintTest"/>
  <testcase name="test001_enableRequired" time="0.029" classname="org.genericsystem.mutability.RequiredConstraintTest"/>
  <testcase name="test00_Inheritance" time="0.011" classname="org.genericsystem.mutability.RequiredConstraintTest"/>
  <testcase name="test01_Inheritance" time="0.008" classname="org.genericsystem.mutability.RequiredConstraintTest"/>
  <testcase name="test2ChainedAttributs" time="0.012" classname="org.genericsystem.mutability.HolderTest"/>
  <testcase name="testHolder1Attribut" time="0.008" classname="org.genericsystem.mutability.HolderTest"/>
  <testcase name="testHolder1AttributWith2LevelsInheritance1AttributOnFirstChild" time="0.011" classname="org.genericsystem.mutability.HolderTest"/>
  <testcase name="testHolder1AttributWith2LevelsInheritance1AttributOnParent" time="0.01" classname="org.genericsystem.mutability.HolderTest"/>
  <testcase name="testHolder1AttributWith2LevelsInheritance2children1AttributOnParent" time="0.012" classname="org.genericsystem.mutability.HolderTest"/>
  <testcase name="testHolderOverrideWithDifferentValue1AttributWith2LevelsInheritance1AttributOnParent" time="0.012" classname="org.genericsystem.mutability.HolderTest"/>
  <testcase name="testHolderOverrideWithDifferentValue1AttributWith3LevelsInheritance1AttributOnParentOverrideOnFirstChild" time="0.013" classname="org.genericsystem.mutability.HolderTest"/>
  <testcase name="testHolderOverrideWithDifferentValue1AttributWith3LevelsInheritance1AttributOnParentOverrideOnSecondChild" time="0.013" classname="org.genericsystem.mutability.HolderTest"/>
  <testcase name="testHolderOverrideWithDifferentValue2ChainedAttributWith2LevelsInheritance2AttributsOnParent" time="0.014" classname="org.genericsystem.mutability.HolderTest"/>
  <testcase name="testHolderOverrideWithDifferentValue2ChainedAttributsWith3LevelsInheritance1AttributOnParentOverrideOnFirstChild" time="0.019" classname="org.genericsystem.mutability.HolderTest"/>
  <testcase name="testHolderOverrideWithSameValue1AttributWith2LevelsInheritance1AttributOnParent" time="0.01" classname="org.genericsystem.mutability.HolderTest"/>
  <testcase name="test1Attribut" time="0.005" classname="org.genericsystem.mutability.AttributesTest"/>
  <testcase name="test1AttributWith2LevelsInheritance1AttributOnFistChild" time="0.009" classname="org.genericsystem.mutability.AttributesTest"/>
  <testcase name="test1AttributWith2LevelsInheritance1AttributOnParent" time="0.01" classname="org.genericsystem.mutability.AttributesTest"/>
  <testcase name="test1AttributWith2LevelsInheritance2ChildrenAt2ndLevel1AttributOnLevel1FirstChild" time="0.012" classname="org.genericsystem.mutability.AttributesTest"/>
  <testcase name="test1AttributWith2LevelsInheritance2ChildrenAt2ndLevel1AttributOnLevel1SecondChild" time="0.012" classname="org.genericsystem.mutability.AttributesTest"/>
  <testcase name="test1AttributWith2LevelsInheritance2ChildrenAt2ndLevel1AttributOnParent" time="0.012" classname="org.genericsystem.mutability.AttributesTest"/>
  <testcase name="test1AttributWith3LevelsInheritance1AttributFirstChild1AttributOnSecondChild" time="0.014" classname="org.genericsystem.mutability.AttributesTest"/>
  <testcase name="test1AttributWith3LevelsInheritance1AttributOnFirstChild" time="0.012" classname="org.genericsystem.mutability.AttributesTest"/>
  <testcase name="test1AttributWith3LevelsInheritance1AttributOnParent" time="0.012" classname="org.genericsystem.mutability.AttributesTest"/>
  <testcase name="test1AttributWith3LevelsInheritance1AttributOnParent1AttributOnFirstChild" time="0.014" classname="org.genericsystem.mutability.AttributesTest"/>
  <testcase name="test1AttributWith3LevelsInheritance1AttributOnParent1AttributOnSecondChild" time="0.013" classname="org.genericsystem.mutability.AttributesTest"/>
  <testcase name="test1AttributWith3LevelsInheritance1AttributOnSecondChild" time="0.012" classname="org.genericsystem.mutability.AttributesTest"/>
  <testcase name="test1AttributWith3LevelsInheritance2AttributFirstChild" time="0.013" classname="org.genericsystem.mutability.AttributesTest"/>
  <testcase name="test1AttributWith3LevelsInheritance2AttributOnParent" time="0.025" classname="org.genericsystem.mutability.AttributesTest"/>
  <testcase name="test1AttributWith3LevelsInheritance2AttributOnSecondChild" time="0.015" classname="org.genericsystem.mutability.AttributesTest"/>
  <testcase name="test1AttributWith3LevelsInheritance2ChildrenAt2ndLevel1ChildAtThirdLevel1AttributLevel1FistChild" time="0.014" classname="org.genericsystem.mutability.AttributesTest"/>
  <testcase name="test1AttributWith3LevelsInheritance2ChildrenAt2ndLevel1ChildAtThirdLevel1AttributLevel1SecondChild" time="0.013" classname="org.genericsystem.mutability.AttributesTest"/>
  <testcase name="test1AttributWith3LevelsInheritance2ChildrenAt2ndLevel1ChildAtThirdLevel1AttributLevel2Child1" time="0.013" classname="org.genericsystem.mutability.AttributesTest"/>
  <testcase name="test1AttributWith3LevelsInheritance2ChildrenAt2ndLevel1ChildAtThirdLevel1AttributOnParent" time="0.014" classname="org.genericsystem.mutability.AttributesTest"/>
  <testcase name="test2Attributs" time="0.009" classname="org.genericsystem.mutability.AttributesTest"/>
  <testcase name="test2AttributsWith2LevelsInheritance1AttributOnParentAnd1AttributOnFistChild" time="0.011" classname="org.genericsystem.mutability.AttributesTest"/>
  <testcase name="test2AttributsWith2LevelsInheritance2AttributsOnFistChild" time="0.011" classname="org.genericsystem.mutability.AttributesTest"/>
  <testcase name="test2AttributsWith2LevelsInheritance2AttributsOnParent" time="0.011" classname="org.genericsystem.mutability.AttributesTest"/>
  <testcase name="test2AttributsWith3LevelsInheritance2ChildrenAt2ndLevel1ChildAtThirdLevel2AttributsLevel1FirstChild" time="0.016" classname="org.genericsystem.mutability.AttributesTest"/>
  <testcase name="test2AttributsWith3LevelsInheritance2ChildrenAt2ndLevel1ChildAtThirdLevel2AttributsLevel1SecondChild" time="0.017" classname="org.genericsystem.mutability.AttributesTest"/>
  <testcase name="test2AttributsWith3LevelsInheritance2ChildrenAt2ndLevel1ChildAtThirdLevel2AttributsLevel2" time="0.015" classname="org.genericsystem.mutability.AttributesTest"/>
  <testcase name="test2AttributsWith3LevelsInheritance2ChildrenAt2ndLevel1ChildAtThirdLevel2AttributsOnParent" time="0.018" classname="org.genericsystem.mutability.AttributesTest"/>
  <testcase name="test001_getInheritings" time="0.006" classname="org.genericsystem.mutability.VertexTest"/>
  <testcase name="test001_getInstances" time="0.009" classname="org.genericsystem.mutability.VertexTest"/>
  <testcase name="test001_getMetaComponents" time="0.007" classname="org.genericsystem.mutability.VertexTest"/>
  <testcase name="test001_getSuperComponents" time="0.006" classname="org.genericsystem.mutability.VertexTest"/>
  <testcase name="test002_getSuperComponents" time="0.01" classname="org.genericsystem.mutability.VertexTest"/>
  <testcase name="test10" time="0.004" classname="org.genericsystem.mutability.VertexTest"/>
  <testcase name="test11" time="0.005" classname="org.genericsystem.mutability.VertexTest"/>
  <testcase name="test3" time="0.01" classname="org.genericsystem.mutability.VertexTest"/>
  <testcase name="test4" time="0.01" classname="org.genericsystem.mutability.VertexTest"/>
  <testcase name="test5" time="0.01" classname="org.genericsystem.mutability.VertexTest"/>
  <testcase name="test6" time="0.012" classname="org.genericsystem.mutability.VertexTest"/>
  <testcase name="test7" time="0.011" classname="org.genericsystem.mutability.VertexTest"/>
  <testcase name="test8" time="0.015" classname="org.genericsystem.mutability.VertexTest"/>
  <testcase name="test9" time="0.013" classname="org.genericsystem.mutability.VertexTest"/>
  <testcase name="test3TypeInstanciationWithMultipleInheritence" time="0.008" classname="org.genericsystem.mutability.InstanciationTest"/>
  <testcase name="test5TypeInstanciationWithMultipleInheritence" time="0.012" classname="org.genericsystem.mutability.InstanciationTest"/>
  <testcase name="test6TypeInstanciationWithMultipleInheritence" time="0.016" classname="org.genericsystem.mutability.InstanciationTest"/>
  <testcase name="testEngineInstanciation" time="0.005" classname="org.genericsystem.mutability.InstanciationTest"/>
  <testcase name="testTwoTypeInstanciationDifferentNames" time="0.006" classname="org.genericsystem.mutability.InstanciationTest"/>
  <testcase name="testTwoTypeInstanciationSameNamesAddInstance" time="0.008" classname="org.genericsystem.mutability.InstanciationTest"/>
  <testcase name="testTwoTypeInstanciationSameNamesSetInstance" time="0.007" classname="org.genericsystem.mutability.InstanciationTest"/>
  <testcase name="testTwoTypeInstanciationWithInheritance" time="0.014" classname="org.genericsystem.mutability.InstanciationTest"/>
  <testcase name="testTypeInstanciation" time="0.006" classname="org.genericsystem.mutability.InstanciationTest"/>
  <testcase name="testTypeInstanciationWithSelfInheritance" time="0.012" classname="org.genericsystem.mutability.InstanciationTest"/>
  <testcase name="test001_addInstance_NotAliveException" time="0.019" classname="org.genericsystem.mutability.RelationTest"/>
  <testcase name="test001_addInstance_NotAliveException_withMetaRelation" time="0.023" classname="org.genericsystem.mutability.RelationTest"/>
  <testcase name="test002_addInstance_2composites" time="0.022" classname="org.genericsystem.mutability.RelationTest"/>
  <testcase name="test002_addInstance_2composites_MetaRelation" time="0.02" classname="org.genericsystem.mutability.RelationTest"/>
  <testcase name="test003_addInstance_reflexiveRelation" time="0.015" classname="org.genericsystem.mutability.RelationTest"/>
  <testcase name="test003_addInstance_reflexiveRelation_MetaRelation" time="0.022" classname="org.genericsystem.mutability.RelationTest"/>
  <testcase name="test004_addInheritsRelation" time="0.027" classname="org.genericsystem.mutability.RelationTest"/>
  <testcase name="test005_addInheritsRelations_OnSameStructural" time="0.017" classname="org.genericsystem.mutability.RelationTest"/>
  <testcase name="test006_inherits_different_than_instance" time="0.03" classname="org.genericsystem.mutability.RelationTest"/>
  <testcase name="test007_addInstance_ofSubRelation" time="0.023" classname="org.genericsystem.mutability.RelationTest"/>
  <testcase name="test008" time="0.045" classname="org.genericsystem.mutability.RelationTest"/>
  <testcase name="test009" time="0.049" classname="org.genericsystem.mutability.RelationTest"/>
  <testcase name="test010" time="0.048" classname="org.genericsystem.mutability.RelationTest"/>
  <testcase name="test001" time="0.006" classname="org.genericsystem.mutability.TreeTest"/>
  <testcase name="test002" time="0.009" classname="org.genericsystem.mutability.TreeTest"/>
  <testcase name="test003" time="0.01" classname="org.genericsystem.mutability.TreeTest"/>
  <testcase name="test004" time="0.017" classname="org.genericsystem.mutability.TreeTest"/>
  <testcase name="test005" time="0.016" classname="org.genericsystem.mutability.TreeTest"/>
  <testcase name="test006" time="0.005" classname="org.genericsystem.mutability.TreeTest"/>
  <testcase name="test007" time="0.019" classname="org.genericsystem.mutability.TreeTest"/>
  <testcase name="test008" time="0.012" classname="org.genericsystem.mutability.TreeTest"/>
  <testcase name="testTraverseTree" time="0.006" classname="org.genericsystem.mutability.TreeTest"/>
  <testcase name="testTree1" time="0.004" classname="org.genericsystem.mutability.TreeTest"/>
  <testcase name="testTree2" time="0.005" classname="org.genericsystem.mutability.TreeTest"/>
  <testcase name="testTree3" time="0.005" classname="org.genericsystem.mutability.TreeTest"/>
  <testcase name="test002_IterateAndRemove" time="0.005" classname="org.genericsystem.mutability.IteratorAndRemoveTest"/>
  <testcase name="test004_IterateAndRemoveInLoop_beforeFindIt" time="0.005" classname="org.genericsystem.mutability.IteratorAndRemoveTest"/>
  <testcase name="test005_IterateAndRemoveInLoop_beforeFindIt" time="0.004" classname="org.genericsystem.mutability.IteratorAndRemoveTest"/>
  <testcase name="test006_IterateAndRemoveInLoop_attributes" time="0.004" classname="org.genericsystem.mutability.IteratorAndRemoveTest"/>
  <testcase name="test007_IterateAndRemoveInLoop_attributes" time="0.004" classname="org.genericsystem.mutability.IteratorAndRemoveTest"/>
  <testcase name="multiInheritance" time="0.01" classname="org.genericsystem.mutability.MultiInheritanceTest"/>
  <testcase name="multiInheritanceWithDiamond" time="0.012" classname="org.genericsystem.mutability.MultiInheritanceTest"/>
  <testcase name="test001_enableConstraint" time="0.016" classname="org.genericsystem.mutability.SystemPropertiesTest"/>
  <testcase name="test002_inheritedConstraint" time="0.024" classname="org.genericsystem.mutability.SystemPropertiesTest"/>
  <testcase name="test003_inheritedModifiedConstraint" time="0.015" classname="org.genericsystem.mutability.SystemPropertiesTest"/>
  <testcase name="test001" time="0.002" classname="org.genericsystem.mutability.MutabilityTest"/>
  <testcase name="test002" time="0.005" classname="org.genericsystem.mutability.MutabilityTest"/>
  <testcase name="test003" time="0.004" classname="org.genericsystem.mutability.MutabilityTest"/>
  <testcase name="test004" time="0.004" classname="org.genericsystem.mutability.MutabilityTest"/>
  <testcase name="test001_aliveEx" time="0.005" classname="org.genericsystem.mutability.NotRemovableTest"/>
  <testcase name="test002_referenceEx" time="0.004" classname="org.genericsystem.mutability.NotRemovableTest"/>
  <testcase name="test003_referenceEx" time="0.006" classname="org.genericsystem.mutability.NotRemovableTest"/>
  <testcase name="test001_addInstance" time="0.002" classname="org.genericsystem.mutability.BindingServiceTest"/>
  <testcase name="test002_addSameValueKO" time="0.003" classname="org.genericsystem.mutability.BindingServiceTest"/>
  <testcase name="test001_aliveEx" time="0.005" classname="org.genericsystem.mutability.NotRemovableTestManyCaches"/>
  <testcase name="test001_setValue_Type" time="0.004" classname="org.genericsystem.mutability.UpdatableServiceTest"/>
  <testcase name="test003_setValue_InstanceOfType" time="0.004" classname="org.genericsystem.mutability.UpdatableServiceTest"/>
  <testcase name="test004_setValue_noCollateralDommage" time="0.004" classname="org.genericsystem.mutability.UpdatableServiceTest"/>
  <testcase name="test007_setValue_Type" time="0.003" classname="org.genericsystem.mutability.UpdatableServiceTest"/>
  <testcase name="test020_setValue_Inheritance" time="0.004" classname="org.genericsystem.mutability.UpdatableServiceTest"/>
  <testcase name="test040_setValue_Composite" time="0.004" classname="org.genericsystem.mutability.UpdatableServiceTest"/>
  <testcase name="test060_setValue_Type_Inheritance_Composite" time="0.005" classname="org.genericsystem.mutability.UpdatableServiceTest"/>
  <testcase name="test100_addSuper_Type" time="0.003" classname="org.genericsystem.mutability.UpdatableServiceTest"/>
  <testcase name="test101_addSuper_TypeBetweenTwoTypes" time="0.005" classname="org.genericsystem.mutability.UpdatableServiceTest"/>
  <testcase name="test102_addSuper_AlreadySuper" time="0.004" classname="org.genericsystem.mutability.UpdatableServiceTest"/>
  <testcase name="test103_addSuper_NoRegressionOnDataModel" time="0.013" classname="org.genericsystem.mutability.UpdatableServiceTest"/>
  <testcase name="test200_replaceComposite" time="0.009" classname="org.genericsystem.mutability.UpdatableServiceTest"/>
  <testcase name="test201_replaceComposite_KO" time="0.008" classname="org.genericsystem.mutability.UpdatableServiceTest"/>
  <testcase name="test300_replaceCompositeWithValueModification" time="0.007" classname="org.genericsystem.mutability.UpdatableServiceTest"/>
  <testcase name="test301_replaceCompositeWithValueModification" time="0.007" classname="org.genericsystem.mutability.UpdatableServiceTest"/>
</testsuite> <!-- Default test -->
